0 info it worked if it ends with ok
1 verbose cli [ 'node', '/usr/local/bin/npm', 'install' ]
2 info using npm@2.15.12
3 info using node@v0.10.29
4 verbose node symlink /usr/bin/node
5 verbose readDependencies loading dependencies from /home/pi/package.json
6 error install Couldn't read dependencies
7 verbose stack Error: ENOENT, open '/home/pi/package.json'
8 verbose cwd /home/pi
9 error Linux 4.4.50-v7+
10 error argv "node" "/usr/local/bin/npm" "install"
11 error node v0.10.29
12 error npm  v2.15.12
13 error path /home/pi/package.json
14 error code ENOPACKAGEJSON
15 error errno 34
16 error package.json ENOENT, open '/home/pi/package.json'
16 error package.json This is most likely not a problem with npm itself.
16 error package.json npm can't find a package.json file in your current directory.
17 verbose exit [ 34, true ]
